[debug] [2017-11-06T16:00:07.926Z] ----------------------------------------------------------------------
[debug] [2017-11-06T16:00:07.926Z] Command:       C:\Program Files\nodejs\node.exe C:\Users\Claudinei\AppData\Roaming\npm\node_modules\firebase-tools\bin\firebase serve
[debug] [2017-11-06T16:00:07.926Z] CLI Version:   3.14.0
[debug] [2017-11-06T16:00:07.926Z] Platform:      win32
[debug] [2017-11-06T16:00:07.926Z] Node Version:  v6.10.0
[debug] [2017-11-06T16:00:07.926Z] Time:          Mon Nov 06 2017 14:00:07 GMT-0200 (Horário brasileiro de verão)
[debug] [2017-11-06T16:00:07.926Z] ----------------------------------------------------------------------
[debug] 
[debug] [2017-11-06T16:00:07.941Z] > command requires scopes: ["email","openid","https://www.googleapis.com/auth/cloudplatformprojects.readonly","https://www.googleapis.com/auth/firebase","https://www.googleapis.com/auth/cloud-platform"]
[debug] [2017-11-06T16:00:07.941Z] > authorizing via signed-in user
[debug] [2017-11-06T16:00:07.941Z] > refreshing access token with scopes: ["email","https://www.googleapis.com/auth/cloud-platform","https://www.googleapis.com/auth/cloudplatformprojects.readonly","https://www.googleapis.com/auth/firebase","openid"]
[debug] [2017-11-06T16:00:07.941Z] >>> HTTP REQUEST POST https://www.googleapis.com/oauth2/v3/token { refresh_token: '1/6xraOfj-2jygqoD3c3uwjZgRlmbwB98GBak4hPUkSQg',
  client_id: '563584335869-fgrhgmd47bqnekij5i8b5pr03ho849e6.apps.googleusercontent.com',
  client_secret: 'j9iVZfS8kkCEFUPaAeJV0sAi',
  grant_type: 'refresh_token',
  scope: 'email https://www.googleapis.com/auth/cloud-platform https://www.googleapis.com/auth/cloudplatformprojects.readonly https://www.googleapis.com/auth/firebase openid' } 
 Mon Nov 06 2017 14:00:07 GMT-0200 (Horário brasileiro de verão)
[debug] [2017-11-06T16:00:08.356Z] <<< HTTP RESPONSE 200
[debug] [2017-11-06T16:00:08.372Z] >>> HTTP REQUEST GET https://admin.firebase.com/v1/projects/learning2program-5200c  
 Mon Nov 06 2017 14:00:08 GMT-0200 (Horário brasileiro de verão)
[debug] [2017-11-06T16:00:09.197Z] <<< HTTP RESPONSE 200
[debug] [2017-11-06T16:00:09.197Z] >>> HTTP REQUEST GET https://admin.firebase.com/v1/database/learning2program-5200c/tokens  
 Mon Nov 06 2017 14:00:09 GMT-0200 (Horário brasileiro de verão)
[debug] [2017-11-06T16:00:10.031Z] <<< HTTP RESPONSE 200
[info] 
[info] === Serving from 'D:\ClaudineiBJr\Estudo\TCC\Learning 2 Program'...
[info] 
[debug] [2017-11-06T16:00:10.046Z] >>> HTTP REQUEST GET https://cloudresourcemanager.googleapis.com/v1/projects/learning2program-5200c  
 Mon Nov 06 2017 14:00:10 GMT-0200 (Horário brasileiro de verão)
[debug] [2017-11-06T16:00:11.048Z] <<< HTTP RESPONSE 200
[debug] [2017-11-06T16:00:11.048Z] >>> HTTP REQUEST GET https://mobilesdk-pa.googleapis.com/v1/projects/124278846382/clients/_:getWebAppConfig  
 Mon Nov 06 2017 14:00:11 GMT-0200 (Horário brasileiro de verão)
[debug] [2017-11-06T16:00:12.234Z] <<< HTTP RESPONSE 200
[debug] [2017-11-06T16:00:12.281Z] TypeError: Cannot read property 'public' of undefined
    at Server.<anonymous> (C:\Users\Claudinei\AppData\Roaming\npm\node_modules\firebase-tools\lib\serve\hosting.js:34:17)
    at Server.g (events.js:291:16)
    at emitNone (events.js:86:13)
    at Server.emit (events.js:185:7)
    at emitListeningNT (net.js:1285:10)
    at _combinedTickCallback (internal/process/next_tick.js:71:11)
    at process._tickDomainCallback (internal/process/next_tick.js:122:9)
[error] 
[error] Error: An unexpected error has occurred.
[debug] [2017-11-06T16:04:35.663Z] ----------------------------------------------------------------------
[debug] [2017-11-06T16:04:35.678Z] Command:       C:\Program Files\nodejs\node.exe C:\Users\Claudinei\AppData\Roaming\npm\node_modules\firebase-tools\bin\firebase serve
[debug] [2017-11-06T16:04:35.678Z] CLI Version:   3.14.0
[debug] [2017-11-06T16:04:35.678Z] Platform:      win32
[debug] [2017-11-06T16:04:35.678Z] Node Version:  v6.10.0
[debug] [2017-11-06T16:04:35.678Z] Time:          Mon Nov 06 2017 14:04:35 GMT-0200 (Horário brasileiro de verão)
[debug] [2017-11-06T16:04:35.678Z] ----------------------------------------------------------------------
[debug] 
[debug] [2017-11-06T16:04:35.694Z] > command requires scopes: ["email","openid","https://www.googleapis.com/auth/cloudplatformprojects.readonly","https://www.googleapis.com/auth/firebase","https://www.googleapis.com/auth/cloud-platform"]
[debug] [2017-11-06T16:04:35.694Z] > authorizing via signed-in user
[debug] [2017-11-06T16:04:35.694Z] >>> HTTP REQUEST GET https://admin.firebase.com/v1/projects/learning2program-5200c  
 Mon Nov 06 2017 14:04:35 GMT-0200 (Horário brasileiro de verão)
[debug] [2017-11-06T16:04:36.996Z] <<< HTTP RESPONSE 200
[debug] [2017-11-06T16:04:36.996Z] >>> HTTP REQUEST GET https://admin.firebase.com/v1/database/learning2program-5200c/tokens  
 Mon Nov 06 2017 14:04:36 GMT-0200 (Horário brasileiro de verão)
[debug] [2017-11-06T16:04:37.927Z] <<< HTTP RESPONSE 200
[info] 
[info] === Serving from 'D:\ClaudineiBJr\Estudo\TCC\Learning 2 Program'...
[info] 
[debug] [2017-11-06T16:04:37.927Z] >>> HTTP REQUEST GET https://cloudresourcemanager.googleapis.com/v1/projects/learning2program-5200c  
 Mon Nov 06 2017 14:04:37 GMT-0200 (Horário brasileiro de verão)
[debug] [2017-11-06T16:04:38.980Z] <<< HTTP RESPONSE 200
[debug] [2017-11-06T16:04:38.980Z] >>> HTTP REQUEST GET https://mobilesdk-pa.googleapis.com/v1/projects/124278846382/clients/_:getWebAppConfig  
 Mon Nov 06 2017 14:04:38 GMT-0200 (Horário brasileiro de verão)
[debug] [2017-11-06T16:04:39.479Z] <<< HTTP RESPONSE 200
[debug] [2017-11-06T16:04:39.511Z] TypeError: Cannot read property 'public' of undefined
    at Server.<anonymous> (C:\Users\Claudinei\AppData\Roaming\npm\node_modules\firebase-tools\lib\serve\hosting.js:34:17)
    at Server.g (events.js:291:16)
    at emitNone (events.js:86:13)
    at Server.emit (events.js:185:7)
    at emitListeningNT (net.js:1285:10)
    at _combinedTickCallback (internal/process/next_tick.js:71:11)
    at process._tickDomainCallback (internal/process/next_tick.js:122:9)
[error] 
[error] Error: An unexpected error has occurred.
[debug] [2017-11-06T16:05:04.253Z] ----------------------------------------------------------------------
[debug] [2017-11-06T16:05:04.253Z] Command:       C:\Program Files\nodejs\node.exe C:\Users\Claudinei\AppData\Roaming\npm\node_modules\firebase-tools\bin\firebase serve -p 5000 -o 127.0.0.1
[debug] [2017-11-06T16:05:04.268Z] CLI Version:   3.14.0
[debug] [2017-11-06T16:05:04.268Z] Platform:      win32
[debug] [2017-11-06T16:05:04.268Z] Node Version:  v6.10.0
[debug] [2017-11-06T16:05:04.268Z] Time:          Mon Nov 06 2017 14:05:04 GMT-0200 (Horário brasileiro de verão)
[debug] [2017-11-06T16:05:04.268Z] ----------------------------------------------------------------------
[debug] 
[debug] [2017-11-06T16:05:04.268Z] > command requires scopes: ["email","openid","https://www.googleapis.com/auth/cloudplatformprojects.readonly","https://www.googleapis.com/auth/firebase","https://www.googleapis.com/auth/cloud-platform"]
[debug] [2017-11-06T16:05:04.268Z] > authorizing via signed-in user
[debug] [2017-11-06T16:05:04.284Z] >>> HTTP REQUEST GET https://admin.firebase.com/v1/projects/learning2program-5200c  
 Mon Nov 06 2017 14:05:04 GMT-0200 (Horário brasileiro de verão)
[debug] [2017-11-06T16:05:05.121Z] <<< HTTP RESPONSE 200
[debug] [2017-11-06T16:05:05.121Z] >>> HTTP REQUEST GET https://admin.firebase.com/v1/database/learning2program-5200c/tokens  
 Mon Nov 06 2017 14:05:05 GMT-0200 (Horário brasileiro de verão)
[debug] [2017-11-06T16:05:14.123Z] <<< HTTP RESPONSE 200
[info] 
[info] === Serving from 'D:\ClaudineiBJr\Estudo\TCC\Learning 2 Program'...
[info] 
[debug] [2017-11-06T16:05:14.123Z] >>> HTTP REQUEST GET https://cloudresourcemanager.googleapis.com/v1/projects/learning2program-5200c  
 Mon Nov 06 2017 14:05:14 GMT-0200 (Horário brasileiro de verão)
[debug] [2017-11-06T16:05:15.087Z] <<< HTTP RESPONSE 200
[debug] [2017-11-06T16:05:15.087Z] >>> HTTP REQUEST GET https://mobilesdk-pa.googleapis.com/v1/projects/124278846382/clients/_:getWebAppConfig  
 Mon Nov 06 2017 14:05:15 GMT-0200 (Horário brasileiro de verão)
[debug] [2017-11-06T16:05:15.569Z] <<< HTTP RESPONSE 200
[debug] [2017-11-06T16:05:15.590Z] TypeError: Cannot read property 'public' of undefined
    at Server.<anonymous> (C:\Users\Claudinei\AppData\Roaming\npm\node_modules\firebase-tools\lib\serve\hosting.js:34:17)
    at Server.g (events.js:291:16)
    at emitNone (events.js:86:13)
    at Server.emit (events.js:185:7)
    at emitListeningNT (net.js:1285:10)
    at _combinedTickCallback (internal/process/next_tick.js:71:11)
    at process._tickDomainCallback (internal/process/next_tick.js:122:9)
[error] 
[error] Error: An unexpected error has occurred.
